<?xml version="1.0" encoding="UTF-8"?>
<!-- Generated by org.testng.reporters.JUnitXMLReporter -->
<testsuite ignored="8" hostname="PC_1" failures="0" tests="4" name="Regression" time="0.038" errors="0" timestamp="2023-06-01T14:02:14 CEST">
  <testcase classname="test.Day_1" name="Demo" time="0.006"/>
  <testcase classname="test.Day_2" name="anotherTest" time="0.001"/>
  <testcase classname="test.Day_3" name="webLogin_carLoan" time="0.0"/>
  <testcase classname="test.Day_4" name="APILogin_homeLoan" time="0.001"/>
  <testcase classname="test.Day_2" name="pLoan" time="0.0">
    <ignored/>
  </testcase> <!-- pLoan -->
  <testcase classname="test.Day_4" name="webLogin_homeLoan" time="0.0">
    <ignored/>
  </testcase> <!-- webLogin_homeLoan -->
  <testcase classname="test.Day_3" name="MobileLogin_2_carLoan" time="0.0">
    <ignored/>
  </testcase> <!-- MobileLogin_2_carLoan -->
  <testcase classname="test.Day_3" name="MobileLogin_1_carLoan" time="0.0">
    <ignored/>
  </testcase> <!-- MobileLogin_1_carLoan -->
  <testcase classname="test.Day_3" name="MobileLogin_3_carLoan" time="0.0">
    <ignored/>
  </testcase> <!-- MobileLogin_3_carLoan -->
  <testcase classname="test.Day_3" name="APILogin_carLoan" time="0.0">
    <ignored/>
  </testcase> <!-- APILogin_carLoan -->
  <testcase classname="test.Day_1" name="secondTest" time="0.0">
    <ignored/>
  </testcase> <!-- secondTest -->
  <testcase classname="test.Day_4" name="MobileLogin_homeLoan" time="0.0">
    <ignored/>
  </testcase> <!-- MobileLogin_homeLoan -->
</testsuite> <!-- Regression -->
