<?xml version="1.0" encoding="UTF-8"?>
<!-- Generated by org.testng.reporters.JUnitXMLReporter -->
<testsuite ignored="0" hostname="PC_1" failures="0" tests="5" name="Default test" time="0.043" errors="0" timestamp="2023-06-02T06:15:38 CEST">
  <testcase classname="test.Day_4" name="APILogin_homeLoan" time="0.006"/>
  <testcase classname="test.Day_4" name="MobileLogin_homeLoan" time="0.0"/>
  <testcase classname="test.Day_4" name="MobileLogin_homeLoan" time="0.0"/>
  <testcase classname="test.Day_4" name="MobileLogin_homeLoan" time="0.001"/>
  <testcase classname="test.Day_4" name="webLogin_homeLoan" time="0.001"/>
</testsuite> <!-- Default test -->
