<?xml version="1.0" encoding="UTF-8"?>
<!-- Generated by org.testng.reporters.JUnitXMLReporter -->
<testsuite ignored="3" hostname="PC_1" failures="0" tests="2" name="Car Loan" time="0.004" errors="0" timestamp="2023-06-01T12:15:27 CEST">
  <testcase classname="test.Day_3" name="APILogin_carLoan" time="0.001"/>
  <testcase classname="test.Day_3" name="webLogin_carLoan" time="0.0"/>
  <testcase classname="test.Day_3" name="MobileLogin_2_carLoan" time="0.0">
    <ignored/>
  </testcase> <!-- MobileLogin_2_carLoan -->
  <testcase classname="test.Day_3" name="MobileLogin_1_carLoan" time="0.0">
    <ignored/>
  </testcase> <!-- MobileLogin_1_carLoan -->
  <testcase classname="test.Day_3" name="MobileLogin_3_carLoan" time="0.0">
    <ignored/>
  </testcase> <!-- MobileLogin_3_carLoan -->
</testsuite> <!-- Car Loan -->
