<?xml version="1.0" encoding="UTF-8"?>
<testng-results ignored="0" total="3" passed="3" failed="0" skipped="0">
  <reporter-output>
  </reporter-output>
  <suite started-at="2023-05-30T15:25:35 CEST" name="Loans department" finished-at="2023-05-30T15:25:36 CEST" duration-ms="33">
    <groups>
    </groups>
    <test started-at="2023-05-30T15:25:35 CEST" name="Personal loans" finished-at="2023-05-30T15:25:36 CEST" duration-ms="33">
      <class name="test.Day_1">
        <test-method signature="firstTest()[pri:0, instance:test.Day_1@73700b80]" started-at="2023-05-30T15:25:35 CEST" name="firstTest" finished-at="2023-05-30T15:25:36 CEST" duration-ms="6" status="PASS">
          <reporter-output>
          </reporter-output>
        </test-method> <!-- firstTest -->
        <test-method signature="secondTest()[pri:0, instance:test.Day_1@73700b80]" started-at="2023-05-30T15:25:36 CEST" name="secondTest" finished-at="2023-05-30T15:25:36 CEST" duration-ms="1" status="PASS">
          <reporter-output>
          </reporter-output>
        </test-method> <!-- secondTest -->
      </class> <!-- test.Day_1 -->
      <class name="test.Day_2">
        <test-method signature="demo()[pri:0, instance:test.Day_2@383bfa16]" started-at="2023-05-30T15:25:36 CEST" name="demo" finished-at="2023-05-30T15:25:36 CEST" duration-ms="0" status="PASS">
          <reporter-output>
          </reporter-output>
        </test-method> <!-- demo -->
      </class> <!-- test.Day_2 -->
    </test> <!-- Personal loans -->
  </suite> <!-- Loans department -->
</testng-results>
